#
# There is insufficient memory for the Java Runtime Environment to continue.
# Native memory allocation (malloc) failed to allocate 1859808 bytes for Chunk::new
# Possible reasons:
#   The system is out of physical RAM or swap space
#   The process is running with CompressedOops enabled, and the Java Heap may be blocking the growth of the native heap
# Possible solutions:
#   Reduce memory load on the system
#   Increase physical memory or swap space
#   Check if swap backing store is full
#   Decrease Java heap size (-Xmx/-Xms)
#   Decrease number of Java threads
#   Decrease Java thread stack sizes (-Xss)
#   Set larger code cache with -XX:ReservedCodeCacheSize=
#   JVM is running with Unscaled Compressed Oops mode in which the Java heap is
#     placed in the first 4GB address space. The Java Heap base address is the
#     maximum limit for the native heap growth. Please use -XX:HeapBaseMinAddress
#     to set the Java Heap base and to place the Java Heap above 4GB virtual address.
# This output file may be truncated or incomplete.
#
#  Out of Memory Error (arena.cpp:189), pid=2024, tid=15924
#
# JRE version: OpenJDK Runtime Environment (17.0.6) (build 17.0.6+0-b2043.56-10027231)
# Java VM: OpenJDK 64-Bit Server VM (17.0.6+0-b2043.56-10027231, mixed mode, tiered, compressed oops, compressed class ptrs, g1 gc, windows-amd64)
# No core dump will be written. Minidumps are not enabled by default on client versions of Windows
#

---------------  S U M M A R Y ------------

Command Line: org.jetbrains.kotlin.cli.jvm.K2JVMCompiler @C:\Users\yyrko\AndroidStudioProjects\projectINK\bt_def\build\20231016_17116408452212436513.compiler.options

Host: AMD Ryzen 5 3500U with Radeon Vega Mobile Gfx  , 8 cores, 6G,  Windows 11 , 64 bit Build 22000 (10.0.22000.2538)
Time: Mon Oct 16 01:34:19 2023 RTZ 7 (s 11 , 64 bit Build 22000 (10.0.22000.2538) elapsed time: 10.076610 seconds (0d 0h 0m 10s)

---------------  T H R E A D  ---------------

Current thread (0x000001cb24b92b00):  JavaThread "C2 CompilerThread0" daemon [_thread_in_native, id=15924, stack(0x000000327f700000,0x000000327f800000)]


Current CompileTask:
C2:  10076 5738       4       jdk.internal.org.objectweb.asm.Frame::execute (2305 bytes)

Stack: [0x000000327f700000,0x000000327f800000]
Native frames: (J=compiled Java code, j=interpreted, Vv=VM code, C=native code)
V  [jvm.dll+0x683c9a]
V  [jvm.dll+0x8427a4]
V  [jvm.dll+0x843f9e]
V  [jvm.dll+0x844603]
V  [jvm.dll+0x249b75]
V  [jvm.dll+0xabcac]
V  [jvm.dll+0xac27c]
V  [jvm.dll+0x368857]
V  [jvm.dll+0x332f31]
V  [jvm.dll+0x3323da]
V  [jvm.dll+0x21c201]
V  [jvm.dll+0x21b621]
V  [jvm.dll+0x1a4fdd]
V  [jvm.dll+0x22b098]
V  [jvm.dll+0x229159]
V  [jvm.dll+0x7f81ec]
V  [jvm.dll+0x7f274a]
V  [jvm.dll+0x682ad5]
C  [ucrtbase.dll+0x26c0c]
C  [KERNEL32.DLL+0x153e0]
C  [ntdll.dll+0x485b]


---------------  P R O C E S S  ---------------

Threads class SMR info:
_java_thread_list=0x000001cb29516d60, length=13, elements={
0x000001cb0b70a020, 0x000001cb24b68300, 0x000001cb24b63270, 0x000001cb24b8f530,
0x000001cb24b8fa00, 0x000001cb24b904e0, 0x000001cb24b911c0, 0x000001cb24b92b00,
0x000001cb24b93010, 0x000001cb2552ec50, 0x000001cb2568ed70, 0x000001cb256a5010,
0x000001cb29247960
}

Java Threads: ( => current thread )
  0x000001cb0b70a020 JavaThread "main" [_thread_in_native, id=9876, stack(0x000000327ea00000,0x000000327eb00000)]
  0x000001cb24b68300 JavaThread "Reference Handler" daemon [_thread_blocked, id=15704, stack(0x000000327f100000,0x000000327f200000)]
  0x000001cb24b63270 JavaThread "Finalizer" daemon [_thread_blocked, id=12176, stack(0x000000327f200000,0x000000327f300000)]
  0x000001cb24b8f530 JavaThread "Signal Dispatcher" daemon [_thread_blocked, id=1916, stack(0x000000327f300000,0x000000327f400000)]
  0x000001cb24b8fa00 JavaThread "Attach Listener" daemon [_thread_blocked, id=10204, stack(0x000000327f400000,0x000000327f500000)]
  0x000001cb24b904e0 JavaThread "Service Thread" daemon [_thread_blocked, id=1884, stack(0x000000327f500000,0x000000327f600000)]
  0x000001cb24b911c0 JavaThread "Monitor Deflation Thread" daemon [_thread_blocked, id=18064, stack(0x000000327f600000,0x000000327f700000)]
=>0x000001cb24b92b00 JavaThread "C2 CompilerThread0" daemon [_thread_in_native, id=15924, stack(0x000000327f700000,0x000000327f800000)]
  0x000001cb24b93010 JavaThread "C1 CompilerThread0" daemon [_thread_blocked, id=16716, stack(0x000000327f800000,0x000000327f900000)]
  0x000001cb2552ec50 JavaThread "Sweeper thread" daemon [_thread_blocked, id=3744, stack(0x000000327f900000,0x000000327fa00000)]
  0x000001cb2568ed70 JavaThread "Notification Thread" daemon [_thread_blocked, id=12180, stack(0x000000327fa00000,0x000000327fb00000)]
  0x000001cb256a5010 JavaThread "Common-Cleaner" daemon [_thread_blocked, id=9008, stack(0x000000327fc00000,0x000000327fd00000)]
  0x000001cb29247960 JavaThread "C2 CompilerThread1" daemon [_thread_in_native, id=6952, stack(0x0000003200500000,0x0000003200600000)]

Other Threads:
  0x000001cb24b50670 VMThread "VM Thread" [stack: 0x000000327f000000,0x000000327f100000] [id=8888]
  0x000001cb0b77a5c0 WatcherThread [stack: 0x000000327fb00000,0x000000327fc00000] [id=19380]
  0x000001cb0b75e890 GCTaskThread "GC Thread#0" [stack: 0x000000327eb00000,0x000000327ec00000] [id=16708]
  0x000001cb25c60800 GCTaskThread "GC Thread#1" [stack: 0x000000327fd00000,0x000000327fe00000] [id=2036]
  0x000001cb25c8e5f0 GCTaskThread "GC Thread#2" [stack: 0x000000327fe00000,0x000000327ff00000] [id=18360]
  0x000001cb25c8e8a0 GCTaskThread "GC Thread#3" [stack: 0x000000327ff00000,0x0000003280000000] [id=18024]
  0x000001cb25c923b0 GCTaskThread "GC Thread#4" [stack: 0x0000003200000000,0x0000003200100000] [id=18596]
  0x000001cb25d52a10 GCTaskThread "GC Thread#5" [stack: 0x0000003200100000,0x0000003200200000] [id=18924]
  0x000001cb25f89c10 GCTaskThread "GC Thread#6" [stack: 0x0000003200200000,0x0000003200300000] [id=17276]
  0x000001cb260a4e80 GCTaskThread "GC Thread#7" [stack: 0x0000003200300000,0x0000003200400000] [id=14552]
  0x000001cb0b76d5d0 ConcurrentGCThread "G1 Main Marker" [stack: 0x000000327ec00000,0x000000327ed00000] [id=18576]
  0x000001cb0b76dfe0 ConcurrentGCThread "G1 Conc#0" [stack: 0x000000327ed00000,0x000000327ee00000] [id=16504]
  0x000001cb260a4670 ConcurrentGCThread "G1 Conc#1" [stack: 0x0000003200400000,0x0000003200500000] [id=14732]
  0x000001cb249b0090 ConcurrentGCThread "G1 Refine#0" [stack: 0x000000327ee00000,0x000000327ef00000] [id=19424]
  0x000001cb27d50120 ConcurrentGCThread "G1 Refine#1" [stack: 0x0000003200600000,0x0000003200700000] [id=16064]
  0x000001cb249b06c0 ConcurrentGCThread "G1 Service" [stack: 0x000000327ef00000,0x000000327f000000] [id=10408]

Threads with active compile tasks:
C2 CompilerThread0    10100 5738       4       jdk.internal.org.objectweb.asm.Frame::execute (2305 bytes)
C2 CompilerThread1    10100 5938       4       org.jetbrains.kotlin.serialization.deserialization.descriptors.DeserializedPackageMemberScope::hasClass (116 bytes)

VM state: not at safepoint (normal execution)

VM Mutex/Monitor currently owned by a thread: None

Heap address: 0x0000000091000000, size: 1776 MB, Compressed Oops mode: 32-bit

CDS archive(s) not mapped
Compressed class space mapped at: 0x0000000100000000-0x0000000140000000, reserved size: 1073741824
Narrow klass base: 0x0000000000000000, Narrow klass shift: 3, Narrow klass range: 0x140000000

GC Precious Log:
 CPUs: 8 total, 8 available
 Memory: 7103M
 Large Page Support: Disabled
 NUMA Support: Disabled
 Compressed Oops: Enabled (32-bit)
 Heap Region Size: 1M
 Heap Min Capacity: 8M
 Heap Initial Capacity: 112M
 Heap Max Capacity: 1776M
 Pre-touch: Disabled
 Parallel Workers: 8
 Concurrent Workers: 2
 Concurrent Refinement Workers: 8
 Periodic GC: Disabled

Heap:
 garbage-first heap   total 99328K, used 64889K [0x0000000091000000, 0x0000000100000000)
  region size 1024K, 21 young (21504K), 3 survivors (3072K)
 Metaspace       used 58596K, committed 58880K, reserved 1105920K
  class space    used 6917K, committed 7040K, reserved 1048576K

Heap Regions: E=young(eden), S=young(survivor), O=old, HS=humongous(starts), HC=humongous(continues), CS=collection set, F=free, OA=open archive, CA=closed archive, TAMS=top-at-mark-start (previous, next)
|   0|0x0000000091000000, 0x0000000091100000, 0x0000000091100000|100%|HS|  |TAMS 0x0000000091100000, 0x0000000091000000| Complete 
|   1|0x0000000091100000, 0x0000000091200000, 0x0000000091200000|100%|HC|  |TAMS 0x0000000091200000, 0x0000000091100000| Complete 
|   2|0x0000000091200000, 0x0000000091300000, 0x0000000091300000|100%|HC|  |TAMS 0x0000000091300000, 0x0000000091200000| Complete 
|   3|0x0000000091300000, 0x0000000091400000, 0x0000000091400000|100%|HC|  |TAMS 0x0000000091400000, 0x0000000091300000| Complete 
|   4|0x0000000091400000, 0x0000000091500000, 0x0000000091500000|100%| O|  |TAMS 0x0000000091500000, 0x0000000091400000| Untracked 
|   5|0x0000000091500000, 0x0000000091600000, 0x0000000091600000|100%| O|  |TAMS 0x0000000091600000, 0x0000000091500000| Untracked 
|   6|0x0000000091600000, 0x0000000091700000, 0x0000000091700000|100%| O|  |TAMS 0x0000000091700000, 0x0000000091600000| Untracked 
|   7|0x0000000091700000, 0x0000000091800000, 0x0000000091800000|100%|HS|  |TAMS 0x0000000091800000, 0x0000000091700000| Complete 
|   8|0x0000000091800000, 0x0000000091900000, 0x0000000091900000|100%|HC|  |TAMS 0x0000000091900000, 0x0000000091800000| Complete 
|   9|0x0000000091900000, 0x0000000091a00000, 0x0000000091a00000|100%|HC|  |TAMS 0x0000000091a00000, 0x0000000091900000| Complete 
|  10|0x0000000091a00000, 0x0000000091b00000, 0x0000000091b00000|100%|HC|  |TAMS 0x0000000091b00000, 0x0000000091a00000| Complete 
|  11|0x0000000091b00000, 0x0000000091c00000, 0x0000000091c00000|100%| O|  |TAMS 0x0000000091c00000, 0x0000000091b00000| Untracked 
|  12|0x0000000091c00000, 0x0000000091d00000, 0x0000000091d00000|100%| O|  |TAMS 0x0000000091d00000, 0x0000000091c00000| Untracked 
|  13|0x0000000091d00000, 0x0000000091e00000, 0x0000000091e00000|100%| O|  |TAMS 0x0000000091e00000, 0x0000000091d00000| Untracked 
|  14|0x0000000091e00000, 0x0000000091f00000, 0x0000000091f00000|100%| O|  |TAMS 0x0000000091f00000, 0x0000000091e00000| Untracked 
|  15|0x0000000091f00000, 0x0000000092000000, 0x0000000092000000|100%|HS|  |TAMS 0x0000000092000000, 0x0000000091f00000| Complete 
|  16|0x0000000092000000, 0x0000000092100000, 0x0000000092100000|100%|HC|  |TAMS 0x0000000092100000, 0x0000000092000000| Complete 
|  17|0x0000000092100000, 0x0000000092200000, 0x0000000092200000|100%| O|  |TAMS 0x0000000092200000, 0x0000000092100000| Untracked 
|  18|0x0000000092200000, 0x0000000092300000, 0x0000000092300000|100%| O|  |TAMS 0x0000000092300000, 0x0000000092200000| Untracked 
|  19|0x0000000092300000, 0x0000000092400000, 0x0000000092400000|100%| O|  |TAMS 0x0000000092400000, 0x0000000092300000| Untracked 
|  20|0x0000000092400000, 0x0000000092500000, 0x0000000092500000|100%| O|  |TAMS 0x0000000092500000, 0x0000000092400000| Untracked 
|  21|0x0000000092500000, 0x0000000092600000, 0x0000000092600000|100%| O|  |TAMS 0x0000000092600000, 0x0000000092500000| Untracked 
|  22|0x0000000092600000, 0x0000000092700000, 0x0000000092700000|100%| O|  |TAMS 0x0000000092700000, 0x0000000092600000| Untracked 
|  23|0x0000000092700000, 0x0000000092800000, 0x0000000092800000|100%| O|  |TAMS 0x0000000092800000, 0x0000000092700000| Untracked 
|  24|0x0000000092800000, 0x0000000092900000, 0x0000000092900000|100%| O|  |TAMS 0x0000000092900000, 0x0000000092800000| Untracked 
|  25|0x0000000092900000, 0x0000000092a00000, 0x0000000092a00000|100%| O|  |TAMS 0x0000000092a00000, 0x0000000092900000| Untracked 
|  26|0x0000000092a00000, 0x0000000092b00000, 0x0000000092b00000|100%| O|  |TAMS 0x0000000092b00000, 0x0000000092a00000| Untracked 
|  27|0x0000000092b00000, 0x0000000092c00000, 0x0000000092c00000|100%| O|  |TAMS 0x0000000092c00000, 0x0000000092b00000| Untracked 
|  28|0x0000000092c00000, 0x0000000092d00000, 0x0000000092d00000|100%| O|  |TAMS 0x0000000092d00000, 0x0000000092c00000| Untracked 
|  29|0x0000000092d00000, 0x0000000092e00000, 0x0000000092e00000|100%| O|  |TAMS 0x0000000092e00000, 0x0000000092d00000| Untracked 
|  30|0x0000000092e00000, 0x0000000092f00000, 0x0000000092f00000|100%| O|  |TAMS 0x0000000092f00000, 0x0000000092e00000| Untracked 
|  31|0x0000000092f00000, 0x0000000093000000, 0x0000000093000000|100%| O|  |TAMS 0x0000000093000000, 0x0000000092f00000| Untracked 
|  32|0x0000000093000000, 0x0000000093100000, 0x0000000093100000|100%| O|  |TAMS 0x0000000093100000, 0x0000000093000000| Untracked 
|  33|0x0000000093100000, 0x0000000093200000, 0x0000000093200000|100%| O|  |TAMS 0x0000000093200000, 0x0000000093100000| Untracked 
|  34|0x0000000093200000, 0x0000000093300000, 0x0000000093300000|100%| O|  |TAMS 0x0000000093300000, 0x0000000093200000| Complete 
|  35|0x0000000093300000, 0x0000000093400000, 0x0000000093400000|100%| O|  |TAMS 0x0000000093400000, 0x0000000093300000| Untracked 
|  36|0x0000000093400000, 0x0000000093500000, 0x0000000093500000|100%| O|  |TAMS 0x0000000093500000, 0x0000000093400000| Untracked 
|  37|0x0000000093500000, 0x0000000093600000, 0x0000000093600000|100%| O|  |TAMS 0x0000000093600000, 0x0000000093500000| Untracked 
|  38|0x0000000093600000, 0x0000000093700000, 0x0000000093700000|100%| O|  |TAMS 0x0000000093700000, 0x0000000093600000| Untracked 
|  39|0x0000000093700000, 0x0000000093800000, 0x0000000093800000|100%| O|  |TAMS 0x00000000937fac00, 0x0000000093700000| Untracked 
|  40|0x0000000093800000, 0x0000000093900000, 0x0000000093900000|100%| O|  |TAMS 0x0000000093800000, 0x0000000093800000| Untracked 
|  41|0x0000000093900000, 0x0000000093a00000, 0x0000000093a00000|100%| O|  |TAMS 0x0000000093900000, 0x0000000093900000| Untracked 
|  42|0x0000000093a00000, 0x0000000093b00000, 0x0000000093b00000|100%| O|  |TAMS 0x0000000093a00000, 0x0000000093a00000| Untracked 
|  43|0x0000000093b00000, 0x0000000093bfd600, 0x0000000093c00000| 98%| O|  |TAMS 0x0000000093b00000, 0x0000000093b00000| Untracked 
|  44|0x0000000093c00000, 0x0000000093c00000, 0x0000000093d00000|  0%| F|  |TAMS 0x0000000093c00000, 0x0000000093c00000| Untracked 
|  45|0x0000000093d00000, 0x0000000093d00000, 0x0000000093e00000|  0%| F|  |TAMS 0x0000000093d00000, 0x0000000093d00000| Untracked 
|  46|0x0000000093e00000, 0x0000000093e00000, 0x0000000093f00000|  0%| F|  |TAMS 0x0000000093e00000, 0x0000000093e00000| Untracked 
|  47|0x0000000093f00000, 0x0000000093f00000, 0x0000000094000000|  0%| F|  |TAMS 0x0000000093f00000, 0x0000000093f00000| Untracked 
|  48|0x0000000094000000, 0x0000000094000000, 0x0000000094100000|  0%| F|  |TAMS 0x0000000094000000, 0x0000000094000000| Untracked 
|  49|0x0000000094100000, 0x0000000094100000, 0x0000000094200000|  0%| F|  |TAMS 0x0000000094100000, 0x0000000094100000| Untracked 
|  50|0x0000000094200000, 0x0000000094200000, 0x0000000094300000|  0%| F|  |TAMS 0x0000000094200000, 0x0000000094200000| Untracked 
|  51|0x0000000094300000, 0x0000000094300000, 0x0000000094400000|  0%| F|  |TAMS 0x0000000094300000, 0x0000000094300000| Untracked 
|  52|0x0000000094400000, 0x0000000094400000, 0x0000000094500000|  0%| F|  |TAMS 0x0000000094400000, 0x0000000094400000| Untracked 
|  53|0x0000000094500000, 0x0000000094500000, 0x0000000094600000|  0%| F|  |TAMS 0x0000000094500000, 0x0000000094500000| Untracked 
|  54|0x0000000094600000, 0x0000000094600000, 0x0000000094700000|  0%| F|  |TAMS 0x0000000094600000, 0x0000000094600000| Untracked 
|  55|0x0000000094700000, 0x0000000094700000, 0x0000000094800000|  0%| F|  |TAMS 0x0000000094700000, 0x0000000094700000| Untracked 
|  56|0x0000000094800000, 0x0000000094800000, 0x0000000094900000|  0%| F|  |TAMS 0x0000000094800000, 0x0000000094800000| Untracked 
|  57|0x0000000094900000, 0x0000000094960f10, 0x0000000094a00000| 37%| S|CS|TAMS 0x0000000094900000, 0x0000000094900000| Complete 
|  58|0x0000000094a00000, 0x0000000094b00000, 0x0000000094b00000|100%| S|CS|TAMS 0x0000000094a00000, 0x0000000094a00000| Complete 
|  59|0x0000000094b00000, 0x0000000094c00000, 0x0000000094c00000|100%| S|CS|TAMS 0x0000000094b00000, 0x0000000094b00000| Complete 
|  60|0x0000000094c00000, 0x0000000094c00000, 0x0000000094d00000|  0%| F|  |TAMS 0x0000000094c00000, 0x0000000094c00000| Untracked 
|  61|0x0000000094d00000, 0x0000000094d00000, 0x0000000094e00000|  0%| F|  |TAMS 0x0000000094d00000, 0x0000000094d00000| Untracked 
|  62|0x0000000094e00000, 0x0000000094e00000, 0x0000000094f00000|  0%| F|  |TAMS 0x0000000094e00000, 0x0000000094e00000| Untracked 
|  63|0x0000000094f00000, 0x0000000094f00000, 0x0000000095000000|  0%| F|  |TAMS 0x0000000094f00000, 0x0000000094f00000| Untracked 
|  64|0x0000000095000000, 0x0000000095000000, 0x0000000095100000|  0%| F|  |TAMS 0x0000000095000000, 0x0000000095000000| Untracked 
|  65|0x0000000095100000, 0x0000000095100000, 0x0000000095200000|  0%| F|  |TAMS 0x0000000095100000, 0x0000000095100000| Untracked 
|  66|0x0000000095200000, 0x0000000095200000, 0x0000000095300000|  0%| F|  |TAMS 0x0000000095200000, 0x0000000095200000| Untracked 
|  67|0x0000000095300000, 0x0000000095300000, 0x0000000095400000|  0%| F|  |TAMS 0x0000000095300000, 0x0000000095300000| Untracked 
|  68|0x0000000095400000, 0x0000000095400000, 0x0000000095500000|  0%| F|  |TAMS 0x0000000095400000, 0x0000000095400000| Untracked 
|  69|0x0000000095500000, 0x0000000095500000, 0x0000000095600000|  0%| F|  |TAMS 0x0000000095500000, 0x0000000095500000| Untracked 
|  70|0x0000000095600000, 0x0000000095600000, 0x0000000095700000|  0%| F|  |TAMS 0x0000000095600000, 0x0000000095600000| Untracked 
|  71|0x0000000095700000, 0x0000000095700000, 0x0000000095800000|  0%| F|  |TAMS 0x0000000095700000, 0x0000000095700000| Untracked 
|  72|0x0000000095800000, 0x0000000095800000, 0x0000000095900000|  0%| F|  |TAMS 0x0000000095800000, 0x0000000095800000| Untracked 
|  73|0x0000000095900000, 0x0000000095900000, 0x0000000095a00000|  0%| F|  |TAMS 0x0000000095900000, 0x0000000095900000| Untracked 
|  74|0x0000000095a00000, 0x0000000095a00000, 0x0000000095b00000|  0%| F|  |TAMS 0x0000000095a00000, 0x0000000095a00000| Untracked 
|  75|0x0000000095b00000, 0x0000000095b00000, 0x0000000095c00000|  0%| F|  |TAMS 0x0000000095b00000, 0x0000000095b00000| Untracked 
|  76|0x0000000095c00000, 0x0000000095c00000, 0x0000000095d00000|  0%| F|  |TAMS 0x0000000095c00000, 0x0000000095c00000| Untracked 
|  77|0x0000000095d00000, 0x0000000095d00000, 0x0000000095e00000|  0%| F|  |TAMS 0x0000000095d00000, 0x0000000095d00000| Untracked 
|  78|0x0000000095e00000, 0x0000000095e00000, 0x0000000095f00000|  0%| F|  |TAMS 0x0000000095e00000, 0x0000000095e00000| Untracked 
|  79|0x0000000095f00000, 0x0000000096000000, 0x0000000096000000|100%| E|  |TAMS 0x0000000095f00000, 0x0000000095f00000| Complete 
|  80|0x0000000096000000, 0x0000000096100000, 0x0000000096100000|100%| E|CS|TAMS 0x0000000096000000, 0x0000000096000000| Complete 
|  81|0x0000000096100000, 0x0000000096200000, 0x0000000096200000|100%| E|CS|TAMS 0x0000000096100000, 0x0000000096100000| Complete 
|  82|0x0000000096200000, 0x0000000096300000, 0x0000000096300000|100%| E|CS|TAMS 0x0000000096200000, 0x0000000096200000| Complete 
|  83|0x0000000096300000, 0x0000000096400000, 0x0000000096400000|100%| E|CS|TAMS 0x0000000096300000, 0x0000000096300000| Complete 
|  84|0x0000000096400000, 0x0000000096500000, 0x0000000096500000|100%| E|CS|TAMS 0x0000000096400000, 0x0000000096400000| Complete 
|  85|0x0000000096500000, 0x0000000096600000, 0x0000000096600000|100%| E|CS|TAMS 0x0000000096500000, 0x0000000096500000| Complete 
|  86|0x0000000096600000, 0x0000000096700000, 0x0000000096700000|100%| E|CS|TAMS 0x0000000096600000, 0x0000000096600000| Complete 
|  87|0x0000000096700000, 0x0000000096800000, 0x0000000096800000|100%| E|CS|TAMS 0x0000000096700000, 0x0000000096700000| Complete 
|  88|0x0000000096800000, 0x0000000096900000, 0x0000000096900000|100%| E|CS|TAMS 0x0000000096800000, 0x0000000096800000| Complete 
|  89|0x0000000096900000, 0x0000000096a00000, 0x0000000096a00000|100%| E|CS|TAMS 0x0000000096900000, 0x0000000096900000| Complete 
|  90|0x0000000096a00000, 0x0000000096b00000, 0x0000000096b00000|100%| E|CS|TAMS 0x0000000096a00000, 0x0000000096a00000| Complete 
|  91|0x0000000096b00000, 0x0000000096c00000, 0x0000000096c00000|100%| E|CS|TAMS 0x0000000096b00000, 0x0000000096b00000| Complete 
|  92|0x0000000096c00000, 0x0000000096d00000, 0x0000000096d00000|100%| E|CS|TAMS 0x0000000096c00000, 0x0000000096c00000| Complete 
|  93|0x0000000096d00000, 0x0000000096e00000, 0x0000000096e00000|100%| E|CS|TAMS 0x0000000096d00000, 0x0000000096d00000| Complete 
|  94|0x0000000096e00000, 0x0000000096f00000, 0x0000000096f00000|100%| E|CS|TAMS 0x0000000096e00000, 0x0000000096e00000| Complete 
|  95|0x0000000096f00000, 0x0000000097000000, 0x0000000097000000|100%| E|CS|TAMS 0x0000000096f00000, 0x0000000096f00000| Complete 
| 111|0x0000000097f00000, 0x0000000098000000, 0x0000000098000000|100%| E|CS|TAMS 0x0000000097f00000, 0x0000000097f00000| Complete 

Card table byte_map: [0x000001cb1e2a0000,0x000001cb1e620000] _byte_map_base: 0x000001cb1de18000

Marking Bits (Prev, Next): (CMBitMap*) 0x000001cb0b75eee0, (CMBitMap*) 0x000001cb0b75eea0
 Prev Bits: [0x000001cb20560000, 0x000001cb22120000)
 Next Bits: [0x000001cb1e9a0000, 0x000001cb20560000)

Polling page: 0x000001cb0aee0000

Metaspace:

Usage:
  Non-class:     50.48 MB used.
      Class:      6.76 MB used.
       Both:     57.25 MB used.

Virtual space:
  Non-class space:       56.00 MB reserved,      50.69 MB ( 91%) committed,  7 nodes.
      Class space:        1.00 GB reserved,       6.88 MB ( <1%) committed,  1 nodes.
             Both:        1.05 GB reserved,      57.56 MB (  5%) committed. 

Chunk freelists:
   Non-Class:  1.17 MB
       Class:  1.07 MB
        Both:  2.24 MB

MaxMetaspaceSize: unlimited
CompressedClassSpaceSize: 1.00 GB
Initial GC threshold: 21.00 MB
Current GC threshold: 91.81 MB
CDS: off
MetaspaceReclaimPolicy: balanced
 - commit_granule_bytes: 65536.
 - commit_granule_words: 8192.
 - virtual_space_node_default_size: 1048576.
 - enlarge_chunks_in_place: 1.
 - new_chunks_are_fully_committed: 0.
 - uncommit_free_chunks: 1.
 - use_allocation_guard: 0.
 - handle_deallocations: 1.


Internal statistics:

num_allocs_failed_limit: 3.
num_arena_births: 240.
num_arena_deaths: 0.
num_vsnodes_births: 8.
num_vsnodes_deaths: 0.
num_space_committed: 919.
num_space_uncommitted: 0.
num_chunks_returned_to_freelist: 3.
num_chunks_taken_from_freelist: 1959.
num_chunk_merges: 3.
num_chunk_splits: 1597.
num_chunks_enlarged: 1427.
num_purges: 0.
num_inconsistent_stats: 0.

CodeHeap 'non-profiled nmethods': size=120000Kb used=2659Kb max_used=2659Kb free=117340Kb
 bounds [0x000001cb166b0000, 0x000001cb16950000, 0x000001cb1dbe0000]
CodeHeap 'profiled nmethods': size=120000Kb used=14501Kb max_used=14501Kb free=105498Kb
 bounds [0x000001cb0ebe0000, 0x000001cb0fa10000, 0x000001cb16110000]
CodeHeap 'non-nmethods': size=5760Kb used=1296Kb max_used=1349Kb free=4464Kb
 bounds [0x000001cb16110000, 0x000001cb16380000, 0x000001cb166b0000]
 total_blobs=6530 nmethods=5912 adapters=529
 compilation: enabled
              stopped_count=0, restarted_count=0
 full_count=0

Compilation events (20 events):
Event: 10.027 Thread 0x000001cb24b93010 5933       3       org.jetbrains.kotlin.com.intellij.lang.ASTFactory::composite (72 bytes)
Event: 10.029 Thread 0x000001cb24b93010 nmethod 5933 0x000001cb0f9ff990 code [0x000001cb0f9ffca0, 0x000001cb0fa01068]
Event: 10.033 Thread 0x000001cb24b93010 5934       1       org.jetbrains.kotlin.com.intellij.lang.impl.PsiBuilderImpl$StartMarker::getEndIndex (5 bytes)
Event: 10.033 Thread 0x000001cb24b93010 nmethod 5934 0x000001cb16944a10 code [0x000001cb16944ba0, 0x000001cb16944c78]
Event: 10.052 Thread 0x000001cb24b93010 5935       3       org.jetbrains.kotlin.util.slicedMap.SlicedMapImpl::put (187 bytes)
Event: 10.054 Thread 0x000001cb24b93010 nmethod 5935 0x000001cb0fa01510 code [0x000001cb0fa01880, 0x000001cb0fa03318]
Event: 10.060 Thread 0x000001cb24b93010 5936       3       org.jetbrains.kotlin.load.java.lazy.descriptors.JvmPackageScope::recordLookup (35 bytes)
Event: 10.061 Thread 0x000001cb29247960 nmethod 5907 0x000001cb16944d10 code [0x000001cb16945040, 0x000001cb16946cb8]
Event: 10.061 Thread 0x000001cb24b93010 nmethod 5936 0x000001cb0fa03a90 code [0x000001cb0fa03d20, 0x000001cb0fa047e8]
Event: 10.061 Thread 0x000001cb29247960 5924       4       gnu.trove.TIntObjectHashMap::isFree (12 bytes)
Event: 10.062 Thread 0x000001cb29247960 nmethod 5924 0x000001cb16947d90 code [0x000001cb16947f00, 0x000001cb16947f98]
Event: 10.062 Thread 0x000001cb29247960 5938       4       org.jetbrains.kotlin.serialization.deserialization.descriptors.DeserializedPackageMemberScope::hasClass (116 bytes)
Event: 10.062 Thread 0x000001cb24b93010 5942       3       org.jetbrains.kotlin.util.collectionUtils.ScopeUtilsKt::concat (61 bytes)
Event: 10.063 Thread 0x000001cb24b93010 nmethod 5942 0x000001cb0fa04c10 code [0x000001cb0fa04ee0, 0x000001cb0fa05d18]
Event: 10.065 Thread 0x000001cb24b93010 5943       1       org.jetbrains.kotlin.resolve.calls.inference.model.MutableConstraintStorage::getErrors (5 bytes)
Event: 10.065 Thread 0x000001cb24b93010 nmethod 5943 0x000001cb16948090 code [0x000001cb16948220, 0x000001cb169482f8]
Event: 10.072 Thread 0x000001cb24b93010 5944       3       org.jetbrains.kotlin.com.google.common.collect.Hashing::smear (19 bytes)
Event: 10.073 Thread 0x000001cb24b93010 nmethod 5944 0x000001cb0fa06110 code [0x000001cb0fa062a0, 0x000001cb0fa06418]
Event: 10.073 Thread 0x000001cb24b93010 5945       3       java.lang.Integer::rotateLeft (9 bytes)
Event: 10.073 Thread 0x000001cb24b93010 nmethod 5945 0x000001cb0fa06510 code [0x000001cb0fa066a0, 0x000001cb0fa06798]

GC Heap History (20 events):
Event: 4.874 GC heap before
{Heap before GC invocations=6 (full 0):
 garbage-first heap   total 40960K, used 33696K [0x0000000091000000, 0x0000000100000000)
  region size 1024K, 15 young (15360K), 2 survivors (2048K)
 Metaspace       used 31843K, committed 32064K, reserved 1081344K
  class space    used 3852K, committed 3968K, reserved 1048576K
}
Event: 4.886 GC heap after
{Heap after GC invocations=7 (full 0):
 garbage-first heap   total 40960K, used 23990K [0x0000000091000000, 0x0000000100000000)
  region size 1024K, 2 young (2048K), 2 survivors (2048K)
 Metaspace       used 31843K, committed 32064K, reserved 1081344K
  class space    used 3852K, committed 3968K, reserved 1048576K
}
Event: 5.162 GC heap before
{Heap before GC invocations=7 (full 0):
 garbage-first heap   total 40960K, used 30134K [0x0000000091000000, 0x0000000100000000)
  region size 1024K, 9 young (9216K), 2 survivors (2048K)
 Metaspace       used 34116K, committed 34304K, reserved 1081344K
  class space    used 4330K, committed 4416K, reserved 1048576K
}
Event: 5.167 GC heap after
{Heap after GC invocations=8 (full 0):
 garbage-first heap   total 40960K, used 24815K [0x0000000091000000, 0x0000000100000000)
  region size 1024K, 1 young (1024K), 1 survivors (1024K)
 Metaspace       used 34116K, committed 34304K, reserved 1081344K
  class space    used 4330K, committed 4416K, reserved 1048576K
}
Event: 5.428 GC heap before
{Heap before GC invocations=9 (full 0):
 garbage-first heap   total 45056K, used 31983K [0x0000000091000000, 0x0000000100000000)
  region size 1024K, 8 young (8192K), 1 survivors (1024K)
 Metaspace       used 35715K, committed 35904K, reserved 1081344K
  class space    used 4503K, committed 4608K, reserved 1048576K
}
Event: 5.432 GC heap after
{Heap after GC invocations=10 (full 0):
 garbage-first heap   total 45056K, used 25802K [0x0000000091000000, 0x0000000100000000)
  region size 1024K, 1 young (1024K), 1 survivors (1024K)
 Metaspace       used 35715K, committed 35904K, reserved 1081344K
  class space    used 4503K, committed 4608K, reserved 1048576K
}
Event: 5.691 GC heap before
{Heap before GC invocations=10 (full 0):
 garbage-first heap   total 45056K, used 33994K [0x0000000091000000, 0x0000000100000000)
  region size 1024K, 10 young (10240K), 1 survivors (1024K)
 Metaspace       used 37082K, committed 37312K, reserved 1089536K
  class space    used 4662K, committed 4736K, reserved 1048576K
}
Event: 5.698 GC heap after
{Heap after GC invocations=11 (full 0):
 garbage-first heap   total 78848K, used 25267K [0x0000000091000000, 0x0000000100000000)
  region size 1024K, 2 young (2048K), 2 survivors (2048K)
 Metaspace       used 37082K, committed 37312K, reserved 1089536K
  class space    used 4662K, committed 4736K, reserved 1048576K
}
Event: 6.684 GC heap before
{Heap before GC invocations=12 (full 0):
 garbage-first heap   total 78848K, used 59059K [0x0000000091000000, 0x0000000100000000)
  region size 1024K, 35 young (35840K), 2 survivors (2048K)
 Metaspace       used 44067K, committed 44416K, reserved 1089536K
  class space    used 5334K, committed 5504K, reserved 1048576K
}
Event: 6.696 GC heap after
{Heap after GC invocations=13 (full 0):
 garbage-first heap   total 78848K, used 28487K [0x0000000091000000, 0x0000000100000000)
  region size 1024K, 5 young (5120K), 5 survivors (5120K)
 Metaspace       used 44067K, committed 44416K, reserved 1089536K
  class space    used 5334K, committed 5504K, reserved 1048576K
}
Event: 7.590 GC heap before
{Heap before GC invocations=13 (full 0):
 garbage-first heap   total 78848K, used 63303K [0x0000000091000000, 0x0000000100000000)
  region size 1024K, 36 young (36864K), 5 survivors (5120K)
 Metaspace       used 49914K, committed 50176K, reserved 1097728K
  class space    used 6005K, committed 6144K, reserved 1048576K
}
Event: 7.610 GC heap after
{Heap after GC invocations=14 (full 0):
 garbage-first heap   total 78848K, used 35635K [0x0000000091000000, 0x0000000100000000)
  region size 1024K, 5 young (5120K), 5 survivors (5120K)
 Metaspace       used 49914K, committed 50176K, reserved 1097728K
  class space    used 6005K, committed 6144K, reserved 1048576K
}
Event: 7.835 GC heap before
{Heap before GC invocations=14 (full 0):
 garbage-first heap   total 78848K, used 60211K [0x0000000091000000, 0x0000000100000000)
  region size 1024K, 29 young (29696K), 5 survivors (5120K)
 Metaspace       used 50468K, committed 50752K, reserved 1097728K
  class space    used 6053K, committed 6208K, reserved 1048576K
}
Event: 7.848 GC heap after
{Heap after GC invocations=15 (full 0):
 garbage-first heap   total 78848K, used 37484K [0x0000000091000000, 0x0000000100000000)
  region size 1024K, 2 young (2048K), 2 survivors (2048K)
 Metaspace       used 50468K, committed 50752K, reserved 1097728K
  class space    used 6053K, committed 6208K, reserved 1048576K
}
Event: 8.767 GC heap before
{Heap before GC invocations=15 (full 0):
 garbage-first heap   total 78848K, used 61036K [0x0000000091000000, 0x0000000100000000)
  region size 1024K, 25 young (25600K), 2 survivors (2048K)
 Metaspace       used 53960K, committed 54272K, reserved 1097728K
  class space    used 6364K, committed 6528K, reserved 1048576K
}
Event: 8.784 GC heap after
{Heap after GC invocations=16 (full 0):
 garbage-first heap   total 78848K, used 40783K [0x0000000091000000, 0x0000000100000000)
  region size 1024K, 4 young (4096K), 4 survivors (4096K)
 Metaspace       used 53960K, committed 54272K, reserved 1097728K
  class space    used 6364K, committed 6528K, reserved 1048576K
}
Event: 9.322 GC heap before
{Heap before GC invocations=17 (full 0):
 garbage-first heap   total 78848K, used 62287K [0x0000000091000000, 0x0000000100000000)
  region size 1024K, 25 young (25600K), 4 survivors (4096K)
 Metaspace       used 54403K, committed 54656K, reserved 1097728K
  class space    used 6392K, committed 6528K, reserved 1048576K
}
Event: 9.338 GC heap after
{Heap after GC invocations=18 (full 0):
 garbage-first heap   total 78848K, used 45035K [0x0000000091000000, 0x0000000100000000)
  region size 1024K, 4 young (4096K), 4 survivors (4096K)
 Metaspace       used 54403K, committed 54656K, reserved 1097728K
  class space    used 6392K, committed 6528K, reserved 1048576K
}
Event: 9.651 GC heap before
{Heap before GC invocations=18 (full 0):
 garbage-first heap   total 78848K, used 62443K [0x0000000091000000, 0x0000000100000000)
  region size 1024K, 21 young (21504K), 4 survivors (4096K)
 Metaspace       used 55749K, committed 56064K, reserved 1105920K
  class space    used 6550K, committed 6656K, reserved 1048576K
}
Event: 9.667 GC heap after
{Heap after GC invocations=19 (full 0):
 garbage-first heap   total 99328K, used 47481K [0x0000000091000000, 0x0000000100000000)
  region size 1024K, 3 young (3072K), 3 survivors (3072K)
 Metaspace       used 55749K, committed 56064K, reserved 1105920K
  class space    used 6550K, committed 6656K, reserved 1048576K
}

Dll operation events (2 events):
Event: 0.007 Loaded shared library D:\androidStudio\jbr\bin\java.dll
Event: 2.025 Loaded shared library D:\androidStudio\jbr\bin\verify.dll

Deoptimization events (20 events):
Event: 10.061 Thread 0x000001cb0b70a020 Uncommon trap: trap_request=0xffffffde fr.pc=0x000001cb168ccf54 relative=0x0000000000003654
Event: 10.061 Thread 0x000001cb0b70a020 Uncommon trap: reason=class_check action=maybe_recompile pc=0x000001cb168ccf54 method=org.jetbrains.kotlin.serialization.deserialization.descriptors.DeserializedPackageMemberScope.hasClass(Lorg/jetbrains/kotlin/name/Name;)Z @ 79 c2
Event: 10.061 Thread 0x000001cb0b70a020 DEOPT PACKING pc=0x000001cb168ccf54 sp=0x000000327eafbac0
Event: 10.061 Thread 0x000001cb0b70a020 DEOPT UNPACKING pc=0x000001cb161669a3 sp=0x000000327eafb9a0 mode 2
Event: 10.061 Thread 0x000001cb0b70a020 Uncommon trap: trap_request=0xffffffc6 fr.pc=0x000001cb168ccaec relative=0x00000000000031ec
Event: 10.061 Thread 0x000001cb0b70a020 Uncommon trap: reason=bimorphic_or_optimized_type_check action=maybe_recompile pc=0x000001cb168ccaec method=org.jetbrains.kotlin.serialization.deserialization.descriptors.DeserializedPackageMemberScope.hasClass(Lorg/jetbrains/kotlin/name/Name;)Z @ 38 c2
Event: 10.061 Thread 0x000001cb0b70a020 DEOPT PACKING pc=0x000001cb168ccaec sp=0x000000327eafbac0
Event: 10.061 Thread 0x000001cb0b70a020 DEOPT UNPACKING pc=0x000001cb161669a3 sp=0x000000327eafb9a0 mode 2
Event: 10.061 Thread 0x000001cb0b70a020 Uncommon trap: trap_request=0xffffffde fr.pc=0x000001cb168ccf54 relative=0x0000000000003654
Event: 10.061 Thread 0x000001cb0b70a020 Uncommon trap: reason=class_check action=maybe_recompile pc=0x000001cb168ccf54 method=org.jetbrains.kotlin.serialization.deserialization.descriptors.DeserializedPackageMemberScope.hasClass(Lorg/jetbrains/kotlin/name/Name;)Z @ 79 c2
Event: 10.061 Thread 0x000001cb0b70a020 DEOPT PACKING pc=0x000001cb168ccf54 sp=0x000000327eafbac0
Event: 10.061 Thread 0x000001cb0b70a020 DEOPT UNPACKING pc=0x000001cb161669a3 sp=0x000000327eafb9a0 mode 2
Event: 10.061 Thread 0x000001cb0b70a020 Uncommon trap: trap_request=0xffffffc6 fr.pc=0x000001cb168bdc18 relative=0x0000000000001dd8
Event: 10.061 Thread 0x000001cb0b70a020 Uncommon trap: reason=bimorphic_or_optimized_type_check action=maybe_recompile pc=0x000001cb168bdc18 method=org.jetbrains.kotlin.serialization.deserialization.descriptors.DeserializedPackageMemberScope.hasClass(Lorg/jetbrains/kotlin/name/Name;)Z @ 38 c2
Event: 10.061 Thread 0x000001cb0b70a020 DEOPT PACKING pc=0x000001cb168bdc18 sp=0x000000327eafb9d0
Event: 10.061 Thread 0x000001cb0b70a020 DEOPT UNPACKING pc=0x000001cb161669a3 sp=0x000000327eafb990 mode 2
Event: 10.063 Thread 0x000001cb0b70a020 Uncommon trap: trap_request=0xffffff45 fr.pc=0x000001cb168d2114 relative=0x0000000000000074
Event: 10.063 Thread 0x000001cb0b70a020 Uncommon trap: reason=unstable_if action=reinterpret pc=0x000001cb168d2114 method=org.jetbrains.kotlin.types.error.ErrorUtils.isError(Lorg/jetbrains/kotlin/descriptors/DeclarationDescriptor;)Z @ 26 c2
Event: 10.063 Thread 0x000001cb0b70a020 DEOPT PACKING pc=0x000001cb168d2114 sp=0x000000327eafca50
Event: 10.063 Thread 0x000001cb0b70a020 DEOPT UNPACKING pc=0x000001cb161669a3 sp=0x000000327eafc9f0 mode 2

Classes unloaded (0 events):
No events

Classes redefined (0 events):
No events

Internal exceptions (20 events):
Event: 3.737 Thread 0x000001cb0b70a020 Exception <a 'java/lang/NoSuchMethodError'{0x0000000097f5b488}: 'void java.lang.invoke.DirectMethodHandle$Holder.invokeStaticInit(java.lang.Object, java.lang.Object)'> (0x0000000097f5b488) 
thrown [s\src\hotspot\share\interpreter\linkResolver.cpp, line 771]
Event: 4.005 Thread 0x000001cb0b70a020 Exception <a 'java/lang/NoSuchMethodError'{0x0000000093165298}: 'void java.lang.invoke.DirectMethodHandle$Holder.invokeVirtual(java.lang.Object, java.lang.Object)'> (0x0000000093165298) 
thrown [s\src\hotspot\share\interpreter\linkResolver.cpp, line 771]
Event: 4.030 Thread 0x000001cb0b70a020 Exception <a 'java/lang/NoSuchMethodError'{0x00000000931b4fa0}: 'int java.lang.invoke.DirectMethodHandle$Holder.invokeVirtual(java.lang.Object, java.lang.Object)'> (0x00000000931b4fa0) 
thrown [s\src\hotspot\share\interpreter\linkResolver.cpp, line 771]
Event: 4.088 Thread 0x000001cb0b70a020 Exception <a 'java/lang/NoSuchMethodError'{0x0000000093064b58}: 'java.lang.Object java.lang.invoke.Invokers$Holder.invokeExact_MT(java.lang.Object, java.lang.Object, java.lang.Object, java.lang.Object, java.lang.Object, java.lang.Object)'> (0x0000000093064b58) 
thrown [s\src\hotspot\share\interpreter\linkResolver.cpp, line 771]
Event: 5.536 Thread 0x000001cb0b70a020 Exception <a 'java/lang/NoSuchMethodError'{0x0000000095a87c30}: 'java.lang.Object java.lang.invoke.DirectMethodHandle$Holder.invokeVirtual(java.lang.Object, java.lang.Object, java.lang.Object)'> (0x0000000095a87c30) 
thrown [s\src\hotspot\share\interpreter\linkResolver.cpp, line 771]
Event: 6.806 Thread 0x000001cb0b70a020 Exception <a 'java/lang/NoSuchMethodError'{0x0000000095bf17b8}: 'java.lang.Object java.lang.invoke.DirectMethodHandle$Holder.newInvokeSpecial(java.lang.Object, java.lang.Object, int)'> (0x0000000095bf17b8) 
thrown [s\src\hotspot\share\interpreter\linkResolver.cpp, line 771]
Event: 6.828 Thread 0x000001cb0b70a020 Implicit null exception at 0x000001cb167f22cc to 0x000001cb167f23a8
Event: 6.894 Thread 0x000001cb0b70a020 Exception <a 'java/lang/NoSuchMethodError'{0x00000000959ad920}: 'java.lang.Object java.lang.invoke.DirectMethodHandle$Holder.newInvokeSpecial(java.lang.Object, java.lang.Object, java.lang.Object, int)'> (0x00000000959ad920) 
thrown [s\src\hotspot\share\interpreter\linkResolver.cpp, line 771]
Event: 6.895 Thread 0x000001cb0b70a020 Exception <a 'java/lang/NoSuchMethodError'{0x00000000959b1fa8}: 'java.lang.Object java.lang.invoke.DirectMethodHandle$Holder.invokeSpecial(java.lang.Object, java.lang.Object, java.lang.Object, java.lang.Object, int)'> (0x00000000959b1fa8) 
thrown [s\src\hotspot\share\interpreter\linkResolver.cpp, line 771]
Event: 6.896 Thread 0x000001cb0b70a020 Exception <a 'java/lang/NoSuchMethodError'{0x00000000959b5e18}: 'java.lang.Object java.lang.invoke.Invokers$Holder.linkToTargetMethod(java.lang.Object, java.lang.Object, int, java.lang.Object)'> (0x00000000959b5e18) 
thrown [s\src\hotspot\share\interpreter\linkResolver.cpp, line 771]
Event: 7.207 Thread 0x000001cb0b70a020 Exception <a 'java/lang/NoSuchMethodError'{0x0000000094c01588}: 'java.lang.Object java.lang.invoke.DirectMethodHandle$Holder.invokeInterface(java.lang.Object, java.lang.Object)'> (0x0000000094c01588) 
thrown [s\src\hotspot\share\interpreter\linkResolver.cpp, line 771]
Event: 8.030 Thread 0x000001cb0b70a020 Exception <a 'java/lang/NoSuchMethodError'{0x00000000959c6628}: 'java.lang.Object java.lang.invoke.DirectMethodHandle$Holder.newInvokeSpecial(java.lang.Object, java.lang.Object, java.lang.Object, java.lang.Object, java.lang.Object, java.lang.Object, java.lang.Object, java.lang.Object)'> (0x00000000959c6628) 
thrown [s\src\hotspot\share\interpreter\linkResolver.cpp, line 771]
Event: 8.031 Thread 0x000001cb0b70a020 Exception <a 'java/lang/NoSuchMethodError'{0x00000000959cbc40}: 'java.lang.Object java.lang.invoke.DirectMethodHandle$Holder.invokeSpecial(java.lang.Object, java.lang.Object, java.lang.Object, java.lang.Object, java.lang.Object, java.lang.Object, java.lang.Object, java.lang.Object, java.lang.Object)'> (0x00000000959cbc40) 
thrown [s\src\hotspot\share\interpreter\linkResolver.cpp, line 771]
Event: 8.032 Thread 0x000001cb0b70a020 Exception <a 'java/lang/NoSuchMethodError'{0x00000000959d0b70}: 'java.lang.Object java.lang.invoke.Invokers$Holder.linkToTargetMethod(java.lang.Object, java.lang.Object, java.lang.Object, java.lang.Object, java.lang.Object, java.lang.Object, java.lang.Object, java.lang.Object)'> (0x00000000959d0b70) 
thrown [s\src\hotspot\share\interpreter\linkResolver.cpp, line 771]
Event: 8.367 Thread 0x000001cb0b70a020 Exception <a 'java/lang/NoSuchMethodError'{0x0000000094e0c4f0}: 'java.lang.Object java.lang.invoke.DirectMethodHandle$Holder.invokeStaticInit(java.lang.Object, java.lang.Object, java.lang.Object)'> (0x0000000094e0c4f0) 
thrown [s\src\hotspot\share\interpreter\linkResolver.cpp, line 771]
Event: 9.127 Thread 0x000001cb0b70a020 Implicit null exception at 0x000001cb166fa90e to 0x000001cb166fab54
Event: 9.127 Thread 0x000001cb0b70a020 Implicit null exception at 0x000001cb16711c0f to 0x000001cb16711c85
Event: 9.254 Thread 0x000001cb0b70a020 Exception <a 'java/lang/NoSuchMethodError'{0x0000000094a84a90}: 'java.lang.Object java.lang.invoke.DirectMethodHandle$Holder.newInvokeSpecial(java.lang.Object, int, java.lang.Object)'> (0x0000000094a84a90) 
thrown [s\src\hotspot\share\interpreter\linkResolver.cpp, line 771]
Event: 9.255 Thread 0x000001cb0b70a020 Exception <a 'java/lang/NoSuchMethodError'{0x0000000094a8b0e0}: 'int java.lang.invoke.DirectMethodHandle$Holder.invokeInterface(java.lang.Object, java.lang.Object)'> (0x0000000094a8b0e0) 
thrown [s\src\hotspot\share\interpreter\linkResolver.cpp, line 771]
Event: 9.557 Thread 0x000001cb0b70a020 Exception <a 'java/lang/NoSuchMethodError'{0x0000000094fd2770}: 'java.lang.Object java.lang.invoke.DirectMethodHandle$Holder.newInvokeSpecial(java.lang.Object, java.lang.Object, java.lang.Object, java.lang.Object, java.lang.Object, java.lang.Object)'> (0x0000000094fd2770) 
thrown [s\src\hotspot\share\interpreter\linkResolver.cpp, line 771]

VM Operations (20 events):
Event: 9.650 Executing VM operation: G1CollectForAllocation
Event: 9.667 Executing VM operation: G1CollectForAllocation done
Event: 9.670 Executing VM operation: HandshakeAllThreads
Event: 9.670 Executing VM operation: HandshakeAllThreads done
Event: 9.695 Executing VM operation: HandshakeAllThreads
Event: 9.695 Executing VM operation: HandshakeAllThreads done
Event: 9.720 Executing VM operation: G1Concurrent
Event: 9.729 Executing VM operation: G1Concurrent done
Event: 9.729 Executing VM operation: HandshakeAllThreads
Event: 9.729 Executing VM operation: HandshakeAllThreads done
Event: 9.754 Executing VM operation: G1Concurrent
Event: 9.754 Executing VM operation: G1Concurrent done
Event: 9.869 Executing VM operation: HandshakeAllThreads
Event: 9.869 Executing VM operation: HandshakeAllThreads done
Event: 10.042 Executing VM operation: HandshakeAllThreads
Event: 10.042 Executing VM operation: HandshakeAllThreads done
Event: 10.056 Executing VM operation: HandshakeAllThreads
Event: 10.057 Executing VM operation: HandshakeAllThreads done
Event: 10.064 Executing VM operation: HandshakeAllThreads
Event: 10.064 Executing VM operation: HandshakeAllThreads done

Events (20 events):
Event: 7.186 loading class java/util/stream/ReferencePipeline$2
Event: 7.186 loading class java/util/stream/ReferencePipeline$2 done
Event: 7.187 loading class java/util/stream/ReferencePipeline$2$1
Event: 7.187 loading class java/util/stream/ReferencePipeline$2$1 done
Event: 7.224 loading class java/util/AbstractList$SubList$1
Event: 7.224 loading class java/util/AbstractList$SubList$1 done
Event: 7.224 loading class java/util/AbstractList$ListItr
Event: 7.224 loading class java/util/AbstractList$ListItr done
Event: 7.243 loading class java/text/StringCharacterIterator
Event: 7.243 loading class java/text/CharacterIterator
Event: 7.243 loading class java/text/CharacterIterator done
Event: 7.243 loading class java/text/StringCharacterIterator done
Event: 7.429 loading class java/util/Collections$SingletonMap
Event: 7.429 loading class java/util/Collections$SingletonMap done
Event: 8.258 loading class java/util/RegularEnumSet$EnumSetIterator
Event: 8.258 loading class java/util/RegularEnumSet$EnumSetIterator done
Event: 9.587 loading class java/security/CodeSigner
Event: 9.588 loading class java/security/CodeSigner done
Event: 10.058 loading class java/util/ComparableTimSort
Event: 10.058 loading class java/util/ComparableTimSort done


Dynamic libraries:
0x00007ff7e7620000 - 0x00007ff7e762a000 	D:\androidStudio\jbr\bin\java.exe
0x00007fffff0a0000 - 0x00007fffff2a9000 	C:\WINDOWS\SYSTEM32\ntdll.dll
0x00007ffffe080000 - 0x00007ffffe13d000 	C:\WINDOWS\System32\KERNEL32.DLL
0x00007ffffc530000 - 0x00007ffffc8b4000 	C:\WINDOWS\System32\KERNELBASE.dll
0x00007ffffc8c0000 - 0x00007ffffc9d1000 	C:\WINDOWS\System32\ucrtbase.dll
0x00007ffff5310000 - 0x00007ffff532b000 	D:\androidStudio\jbr\bin\VCRUNTIME140.dll
0x00007ffff4f80000 - 0x00007ffff4f97000 	D:\androidStudio\jbr\bin\jli.dll
0x00007ffffeae0000 - 0x00007ffffec8d000 	C:\WINDOWS\System32\USER32.dll
0x00007fffe9520000 - 0x00007fffe97c5000 	C:\WINDOWS\WinSxS\amd64_microsoft.windows.common-controls_6595b64144ccf1df_6.0.22000.120_none_9d947278b86cc467\COMCTL32.dll
0x00007ffffc9e0000 - 0x00007ffffca06000 	C:\WINDOWS\System32\win32u.dll
0x00007ffffe980000 - 0x00007ffffea23000 	C:\WINDOWS\System32\msvcrt.dll
0x00007ffffdf40000 - 0x00007ffffdf6a000 	C:\WINDOWS\System32\GDI32.dll
0x00007ffffcdd0000 - 0x00007ffffceee000 	C:\WINDOWS\System32\gdi32full.dll
0x00007ffffca80000 - 0x00007ffffcb1d000 	C:\WINDOWS\System32\msvcp_win.dll
0x00007ffffe300000 - 0x00007ffffe331000 	C:\WINDOWS\System32\IMM32.DLL
0x00007ffff4ed0000 - 0x00007ffff4edc000 	D:\androidStudio\jbr\bin\vcruntime140_1.dll
0x00007fffc45b0000 - 0x00007fffc463d000 	D:\androidStudio\jbr\bin\msvcp140.dll
0x00007fffc0130000 - 0x00007fffc0d9e000 	D:\androidStudio\jbr\bin\server\jvm.dll
0x00007ffffe1d0000 - 0x00007ffffe27e000 	C:\WINDOWS\System32\ADVAPI32.dll
0x00007ffffcef0000 - 0x00007ffffcf8e000 	C:\WINDOWS\System32\sechost.dll
0x00007ffffe3d0000 - 0x00007ffffe4f1000 	C:\WINDOWS\System32\RPCRT4.dll
0x00007ffff1890000 - 0x00007ffff1899000 	C:\WINDOWS\SYSTEM32\WSOCK32.dll
0x00007ffffa420000 - 0x00007ffffa453000 	C:\WINDOWS\SYSTEM32\WINMM.dll
0x00007ffff47f0000 - 0x00007ffff47fa000 	C:\WINDOWS\SYSTEM32\VERSION.dll
0x00007ffffe160000 - 0x00007ffffe1cf000 	C:\WINDOWS\System32\WS2_32.dll
0x00007ffffb5a0000 - 0x00007ffffb5b8000 	C:\WINDOWS\SYSTEM32\kernel.appcore.dll
0x00007ffff8930000 - 0x00007ffff893a000 	D:\androidStudio\jbr\bin\jimage.dll
0x00007ffff9e60000 - 0x00007ffffa081000 	C:\WINDOWS\SYSTEM32\DBGHELP.DLL
0x00007ffff46d0000 - 0x00007ffff4701000 	C:\WINDOWS\SYSTEM32\dbgcore.DLL
0x00007ffffcbe0000 - 0x00007ffffcc5f000 	C:\WINDOWS\System32\bcryptPrimitives.dll
0x00007ffff52c0000 - 0x00007ffff52e5000 	D:\androidStudio\jbr\bin\java.dll
0x00007ffff8910000 - 0x00007ffff8928000 	D:\androidStudio\jbr\bin\zip.dll
0x00007ffffd2a0000 - 0x00007ffffda65000 	C:\WINDOWS\System32\SHELL32.dll
0x00007ffffa600000 - 0x00007ffffae62000 	C:\WINDOWS\SYSTEM32\windows.storage.dll
0x00007ffffdb60000 - 0x00007ffffded6000 	C:\WINDOWS\System32\combase.dll
0x00007ffffa490000 - 0x00007ffffa5f7000 	C:\WINDOWS\SYSTEM32\wintypes.dll
0x00007ffffdf90000 - 0x00007ffffe07a000 	C:\WINDOWS\System32\SHCORE.dll
0x00007ffffcf90000 - 0x00007ffffcfed000 	C:\WINDOWS\System32\shlwapi.dll
0x00007ffffc460000 - 0x00007ffffc485000 	C:\WINDOWS\SYSTEM32\profapi.dll
0x00007ffff5220000 - 0x00007ffff5239000 	D:\androidStudio\jbr\bin\net.dll
0x00007ffff7070000 - 0x00007ffff7184000 	C:\WINDOWS\SYSTEM32\WINHTTP.dll
0x00007ffffba50000 - 0x00007ffffbab7000 	C:\WINDOWS\system32\mswsock.dll
0x00007ffff5200000 - 0x00007ffff5216000 	D:\androidStudio\jbr\bin\nio.dll
0x00007ffff5160000 - 0x00007ffff5170000 	D:\androidStudio\jbr\bin\verify.dll

dbghelp: loaded successfully - version: 4.0.5 - missing functions: none
symbol engine: initialized successfully - sym options: 0x614 - pdb path: .;D:\androidStudio\jbr\bin;C:\WINDOWS\SYSTEM32;C:\WINDOWS\WinSxS\amd64_microsoft.windows.common-controls_6595b64144ccf1df_6.0.22000.120_none_9d947278b86cc467;D:\androidStudio\jbr\bin\server

VM Arguments:
java_command: org.jetbrains.kotlin.cli.jvm.K2JVMCompiler @C:\Users\yyrko\AndroidStudioProjects\projectINK\bt_def\build\20231016_17116408452212436513.compiler.options
java_class_path (initial): C:\Users\yyrko\.gradle\caches\modules-2\files-2.1\org.jetbrains.kotlin\kotlin-compiler-embeddable\1.8.10\b0757fd774344d54ce93f5ad6c30ba1c1731c8ff\kotlin-compiler-embeddable-1.8.10.jar;C:\Users\yyrko\.gradle\caches\modules-2\files-2.1\org.jetbrains.kotlin\kotlin-stdlib\1.8.10\6d5560a229477df9406943d5feda5618e98eb64c\kotlin-stdlib-1.8.10.jar;C:\Users\yyrko\.gradle\caches\modules-2\files-2.1\org.jetbrains.kotlin\kotlin-script-runtime\1.8.10\b13ea9c7e46d589139e56086a878763290e20bd5\kotlin-script-runtime-1.8.10.jar;C:\Users\yyrko\.gradle\caches\modules-2\files-2.1\org.jetbrains.kotlin\kotlin-reflect\1.6.10\1cbe9c92c12a94eea200d23c2bbaedaf3daf5132\kotlin-reflect-1.6.10.jar;C:\Users\yyrko\.gradle\caches\modules-2\files-2.1\org.jetbrains.kotlin\kotlin-daemon-embeddable\1.8.10\ad8541d9bc1cf9e52c3204161247910c2cf601d4\kotlin-daemon-embeddable-1.8.10.jar;C:\Users\yyrko\.gradle\caches\modules-2\files-2.1\org.jetbrains.intellij.deps\trove4j\1.0.20200330\3afb14d5f9ceb459d724e907a21145e8ff394f02\trove4j-1.0.20200330.jar;C:\Users\yyrko\.gradle\caches\modules-2\files-2.1\net.java.dev.jna\jna\5.6.0\330f2244e9030119ab3030fc3fededc86713d9cc\jna-5.6.0.jar;C:\Users\yyrko\.gradle\caches\modules-2\files-2.1\org.jetbrains.kotlin\kotlin-stdlib-common\1.8.10\a61b182458550492c12aee66157d7b524a63a5ec\kotlin-stdlib-common-1.8.10.jar;C:\Users\yyrko\.gradle\caches\modules-2\files-2.1\org.jetbrains\annotations\13.0\919f0dfe192fb4e063e7dacadee7f8bb9a2672a9\annotations-13.0.jar
Launcher Type: SUN_STANDARD

[Global flags]
     intx CICompilerCount                          = 4                                         {product} {ergonomic}
     uint ConcGCThreads                            = 2                                         {product} {ergonomic}
     uint G1ConcRefinementThreads                  = 8                                         {product} {ergonomic}
   size_t G1HeapRegionSize                         = 1048576                                   {product} {ergonomic}
    uintx GCDrainStackTargetSize                   = 64                                        {product} {ergonomic}
   size_t InitialHeapSize                          = 117440512                                 {product} {ergonomic}
   size_t MarkStackSize                            = 4194304                                   {product} {ergonomic}
   size_t MaxHeapSize                              = 1862270976                                {product} {ergonomic}
   size_t MaxNewSize                               = 1116733440                                {product} {ergonomic}
   size_t MinHeapDeltaBytes                        = 1048576                                   {product} {ergonomic}
   size_t MinHeapSize                              = 8388608                                   {product} {ergonomic}
    uintx NonNMethodCodeHeapSize                   = 5839372                                {pd product} {ergonomic}
    uintx NonProfiledCodeHeapSize                  = 122909434                              {pd product} {ergonomic}
    uintx ProfiledCodeHeapSize                     = 122909434                              {pd product} {ergonomic}
    uintx ReservedCodeCacheSize                    = 251658240                              {pd product} {ergonomic}
     bool SegmentedCodeCache                       = true                                      {product} {ergonomic}
   size_t SoftMaxHeapSize                          = 1862270976                             {manageable} {ergonomic}
     bool UseCompressedClassPointers               = true                           {product lp64_product} {ergonomic}
     bool UseCompressedOops                        = true                           {product lp64_product} {ergonomic}
     bool UseG1GC                                  = true                                      {product} {ergonomic}
     bool UseLargePagesIndividualAllocation        = false                                  {pd product} {ergonomic}

Logging:
Log output configuration:
 #0: stdout all=warning uptime,level,tags
 #1: stderr all=off uptime,level,tags

Environment Variables:
PATH=C:\WINDOWS\system32;C:\WINDOWS;C:\WINDOWS\System32\Wbem;C:\WINDOWS\System32\WindowsPowerShell\v1.0\;C:\WINDOWS\System32\OpenSSH\;C:\Program Files\Git\cmd;C:\Users\yyrko\AppData\Local\Microsoft\WindowsApps;;C:\Users\yyrko\AppData\Local\Programs\Microsoft VS Code\bin
USERNAME=yyrko
OS=Windows_NT
PROCESSOR_IDENTIFIER=AMD64 Family 23 Model 24 Stepping 1, AuthenticAMD
TMP=C:\Users\yyrko\AppData\Local\Temp
TEMP=C:\Users\yyrko\AppData\Local\Temp


JNI global refs:
JNI global refs: 11, weak refs: 4

JNI global refs memory usage: 843, weak refs: 841


---------------  S Y S T E M  ---------------

OS:
 Windows 11 , 64 bit Build 22000 (10.0.22000.2538)
OS uptime: 1 days 2:31 hours

CPU: total 8 (initial active 8) (8 cores per cpu, 2 threads per core) family 23 model 24 stepping 1 microcode 0x0, cx8, cmov, fxsr, ht, mmx, 3dnowpref, sse, sse2, sse3, ssse3, sse4a, sse4.1, sse4.2, popcnt, lzcnt, tsc, tscinvbit, avx, avx2, aes, clmul, bmi1, bmi2, adx, sha, fma, vzeroupper, clflush, clflushopt

Memory: 4k page, system-wide physical 7103M (444M free)
TotalPageFile size 17343M (AvailPageFile size 3M)
current process WorkingSet (physical memory assigned to process): 260M, peak: 260M
current process commit charge ("private bytes"): 301M, peak: 302M

vm_info: OpenJDK 64-Bit Server VM (17.0.6+0-b2043.56-10027231) for windows-amd64 JRE (17.0.6+0-b2043.56-10027231), built on Apr 28 2023 00:43:19 by "androidbuild" with MS VC++ 16.10 / 16.11 (VS2019)

END.
